<?xml version="1.0" encoding="UTF-8"?>
<!-- Generated by org.testng.reporters.JUnitReportReporter -->
<testsuite hostname="DESKTOP-400C7NF" failures="0" tests="2" name="WeRPlayAssignemnts.Task1Arabic" time="105.507" errors="0" timestamp="2021-01-23T14:42:14 PKT" skipped="0">
  <testcase classname="WeRPlayAssignemnts.Task1Arabic" name="CartTask" time="83.499"/>
  <system-out/>
  <testcase classname="WeRPlayAssignemnts.Task1Arabic" name="Checkout" time="22.008"/>
  <system-out/>
</testsuite> <!-- WeRPlayAssignemnts.Task1Arabic -->
